# JRE version: Java(TM) SE Runtime Environment (8.0_60-b27) (build 1.8.0_60-b27)
# Java VM: Java HotSpot(TM) 64-Bit Server VM (25.60-b23 mixed mode bsd-amd64 compressed oops)
Heap:
 PSYoungGen      total 333824K, used 54281K [0x00000007aab00000, 0x00000007bff80000, 0x00000007c0000000)
  eden space 318976K, 17% used [0x00000007aab00000,0x00000007ae002400,0x00000007be280000)
  from space 14848K, 0% used [0x00000007bf100000,0x00000007bf100000,0x00000007bff80000)
  to   space 14848K, 0% used [0x00000007be280000,0x00000007be280000,0x00000007bf100000)
 ParOldGen       total 100352K, used 33150K [0x0000000780000000, 0x0000000786200000, 0x00000007aab00000)
  object space 100352K, 33% used [0x0000000780000000,0x000000078205fa88,0x0000000786200000)
 Metaspace       used 52512K, capacity 56679K, committed 56872K, reserved 1099776K
  class space    used 6903K, capacity 7426K, committed 7464K, reserved 1048576K
GC Heap History (10 events):
Event: 3649.742 GC heap before
{Heap before GC invocations=35 (full 13):
 PSYoungGen      total 333312K, used 1488K [0x00000007aab00000, 0x00000007c0000000, 0x00000007c0000000)
  eden space 316928K, 0% used [0x00000007aab00000,0x00000007aab00000,0x00000007be080000)
  from space 16384K, 9% used [0x00000007bf000000,0x00000007bf174030,0x00000007c0000000)
  to   space 15872K, 0% used [0x00000007be080000,0x00000007be080000,0x00000007bf000000)
 ParOldGen       total 100352K, used 33146K [0x0000000780000000, 0x0000000786200000, 0x00000007aab00000)
  object space 100352K, 33% used [0x0000000780000000,0x000000078205e968,0x0000000786200000)
 Metaspace       used 51608K, capacity 54835K, committed 55080K, reserved 1097728K
  class space    used 6758K, capacity 7184K, committed 7208K, reserved 1048576K
Event: 3649.866 GC heap after
Heap after GC invocations=35 (full 13):
 PSYoungGen      total 333312K, used 0K [0x00000007aab00000, 0x00000007c0000000, 0x00000007c0000000)
  eden space 316928K, 0% used [0x00000007aab00000,0x00000007aab00000,0x00000007be080000)
  from space 16384K, 0% used [0x00000007bf000000,0x00000007bf000000,0x00000007c0000000)
  to   space 15872K, 0% used [0x00000007be080000,0x00000007be080000,0x00000007bf000000)
 ParOldGen       total 100352K, used 32082K [0x0000000780000000, 0x0000000786200000, 0x00000007aab00000)
  object space 100352K, 31% used [0x0000000780000000,0x0000000781f54be0,0x0000000786200000)
 Metaspace       used 51608K, capacity 54835K, committed 55080K, reserved 1097728K
  class space    used 6758K, capacity 7184K, committed 7208K, reserved 1048576K
}
Event: 3824.955 GC heap before
{Heap before GC invocations=36 (full 13):
 PSYoungGen      total 333312K, used 144545K [0x00000007aab00000, 0x00000007c0000000, 0x00000007c0000000)
  eden space 316928K, 45% used [0x00000007aab00000,0x00000007b38287e8,0x00000007be080000)
  from space 16384K, 0% used [0x00000007bf000000,0x00000007bf000000,0x00000007c0000000)
  to   space 15872K, 0% used [0x00000007be080000,0x00000007be080000,0x00000007bf000000)
 ParOldGen       total 100352K, used 32082K [0x0000000780000000, 0x0000000786200000, 0x00000007aab00000)
  object space 100352K, 31% used [0x0000000780000000,0x0000000781f54be0,0x0000000786200000)
 Metaspace       used 51769K, capacity 55045K, committed 55080K, reserved 1097728K
  class space    used 6770K, capacity 7200K, committed 7208K, reserved 1048576K
Event: 3824.958 GC heap after
Heap after GC invocations=36 (full 13):
 PSYoungGen      total 332800K, used 1536K [0x00000007aab00000, 0x00000007c0000000, 0x00000007c0000000)
  eden space 316928K, 0% used [0x00000007aab00000,0x00000007aab00000,0x00000007be080000)
  from space 15872K, 9% used [0x00000007be080000,0x00000007be200020,0x00000007bf000000)
  to   space 15360K, 0% used [0x00000007bf100000,0x00000007bf100000,0x00000007c0000000)
 ParOldGen       total 100352K, used 32090K [0x0000000780000000, 0x0000000786200000, 0x00000007aab00000)
  object space 100352K, 31% used [0x0000000780000000,0x0000000781f56be0,0x0000000786200000)
 Metaspace       used 51769K, capacity 55045K, committed 55080K, reserved 1097728K
  class space    used 6770K, capacity 7200K, committed 7208K, reserved 1048576K
}
Event: 3824.958 GC heap before
{Heap before GC invocations=37 (full 14):
 PSYoungGen      total 332800K, used 1536K [0x00000007aab00000, 0x00000007c0000000, 0x00000007c0000000)
  eden space 316928K, 0% used [0x00000007aab00000,0x00000007aab00000,0x00000007be080000)
  from space 15872K, 9% used [0x00000007be080000,0x00000007be200020,0x00000007bf000000)
  to   space 15360K, 0% used [0x00000007bf100000,0x00000007bf100000,0x00000007c0000000)
 ParOldGen       total 100352K, used 32090K [0x0000000780000000, 0x0000000786200000, 0x00000007aab00000)
  object space 100352K, 31% used [0x0000000780000000,0x0000000781f56be0,0x0000000786200000)
 Metaspace       used 51769K, capacity 55045K, committed 55080K, reserved 1097728K
  class space    used 6770K, capacity 7200K, committed 7208K, reserved 1048576K
Event: 3825.165 GC heap after
Heap after GC invocations=37 (full 14):
 PSYoungGen      total 332800K, used 0K [0x00000007aab00000, 0x00000007c0000000, 0x00000007c0000000)
  eden space 316928K, 0% used [0x00000007aab00000,0x00000007aab00000,0x00000007be080000)
  from space 15872K, 0% used [0x00000007be080000,0x00000007be080000,0x00000007bf000000)
  to   space 15360K, 0% used [0x00000007bf100000,0x00000007bf100000,0x00000007c0000000)
 ParOldGen       total 100352K, used 32219K [0x0000000780000000, 0x0000000786200000, 0x00000007aab00000)
  object space 100352K, 32% used [0x0000000780000000,0x0000000781f76d08,0x0000000786200000)
 Metaspace       used 51769K, capacity 55045K, committed 55080K, reserved 1097728K
  class space    used 6770K, capacity 7200K, committed 7208K, reserved 1048576K
}
Event: 4002.459 GC heap before
{Heap before GC invocations=38 (full 14):
 PSYoungGen      total 332800K, used 277246K [0x00000007aab00000, 0x00000007c0000000, 0x00000007c0000000)
  eden space 316928K, 87% used [0x00000007aab00000,0x00000007bb9bf878,0x00000007be080000)
  from space 15872K, 0% used [0x00000007be080000,0x00000007be080000,0x00000007bf000000)
  to   space 15360K, 0% used [0x00000007bf100000,0x00000007bf100000,0x00000007c0000000)
 ParOldGen       total 100352K, used 32219K [0x0000000780000000, 0x0000000786200000, 0x00000007aab00000)
  object space 100352K, 32% used [0x0000000780000000,0x0000000781f76d08,0x0000000786200000)
 Metaspace       used 52470K, capacity 56529K, committed 56616K, reserved 1097728K
  class space    used 6897K, capacity 7420K, committed 7464K, reserved 1048576K
Event: 4002.463 GC heap after
Heap after GC invocations=38 (full 14):
 PSYoungGen      total 333824K, used 2928K [0x00000007aab00000, 0x00000007bff80000, 0x00000007c0000000)
  eden space 318976K, 0% used [0x00000007aab00000,0x00000007aab00000,0x00000007be280000)
  from space 14848K, 19% used [0x00000007bf100000,0x00000007bf3dc030,0x00000007bff80000)
  to   space 14848K, 0% used [0x00000007be280000,0x00000007be280000,0x00000007bf100000)
 ParOldGen       total 100352K, used 32227K [0x0000000780000000, 0x0000000786200000, 0x00000007aab00000)
  object space 100352K, 32% used [0x0000000780000000,0x0000000781f78d08,0x0000000786200000)
 Metaspace       used 52470K, capacity 56529K, committed 56616K, reserved 1097728K
  class space    used 6897K, capacity 7420K, committed 7464K, reserved 1048576K
}
Event: 4002.463 GC heap before
{Heap before GC invocations=39 (full 15):
 PSYoungGen      total 333824K, used 2928K [0x00000007aab00000, 0x00000007bff80000, 0x00000007c0000000)
  eden space 318976K, 0% used [0x00000007aab00000,0x00000007aab00000,0x00000007be280000)
  from space 14848K, 19% used [0x00000007bf100000,0x00000007bf3dc030,0x00000007bff80000)
  to   space 14848K, 0% used [0x00000007be280000,0x00000007be280000,0x00000007bf100000)
 ParOldGen       total 100352K, used 32227K [0x0000000780000000, 0x0000000786200000, 0x00000007aab00000)
  object space 100352K, 32% used [0x0000000780000000,0x0000000781f78d08,0x0000000786200000)
 Metaspace       used 52470K, capacity 56529K, committed 56616K, reserved 1097728K
  class space    used 6897K, capacity 7420K, committed 7464K, reserved 1048576K
Event: 4002.729 GC heap after
Heap after GC invocations=39 (full 15):
 PSYoungGen      total 333824K, used 0K [0x00000007aab00000, 0x00000007bff80000, 0x00000007c0000000)
  eden space 318976K, 0% used [0x00000007aab00000,0x00000007aab00000,0x00000007be280000)
  from space 14848K, 0% used [0x00000007bf100000,0x00000007bf100000,0x00000007bff80000)
  to   space 14848K, 0% used [0x00000007be280000,0x00000007be280000,0x00000007bf100000)
 ParOldGen       total 100352K, used 33150K [0x0000000780000000, 0x0000000786200000, 0x00000007aab00000)
  object space 100352K, 33% used [0x0000000780000000,0x000000078205fa88,0x0000000786200000)
 Metaspace       used 52470K, capacity 56529K, committed 56616K, reserved 1097728K
  class space    used 6897K, capacity 7420K, committed 7464K, reserved 1048576K
}

